<?xml version="1.0" encoding="UTF-8"?>
<!-- Generated by org.testng.reporters.JUnitXMLReporter -->
<testsuite ignored="0" hostname="TGC-VRGNR-074" failures="0" tests="5" name="Test" time="174.566" errors="0" timestamp="2023-09-08T16:51:23 IST">
  <testcase classname="saucelab.tests.TestScenario" name="loginToApplication" time="12.887"/>
  <testcase classname="saucelab.tests.TestScenario" name="createXPost" time="6.763"/>
  <testcase classname="saucelab.tests.TestScenario" name="createXPost" time="6.465"/>
  <testcase classname="saucelab.tests.TestScenario" name="createXPost" time="6.343"/>
  <testcase classname="saucelab.tests.TestScenario" name="startAppimAndDriver" time="139.534"/>
</testsuite> <!-- Test -->
