<?xml version="1.0" encoding="UTF-8"?>
<testng-results ignored="0" total="1" passed="1" failed="0" skipped="0">
  <reporter-output>
  </reporter-output>
  <suite started-at="2023-09-04T08:38:34Z" name="Suite" finished-at="2023-09-04T08:38:38Z" duration-ms="4655">
    <groups>
    </groups>
    <test started-at="2023-09-04T08:38:34Z" name="Test" finished-at="2023-09-04T08:38:38Z" duration-ms="4655">
      <class name="saucelab.tests.TestScenario">
        <test-method is-config="true" signature="setUpAutomation()[pri:0, instance:saucelab.tests.TestScenario@3a4621bd]" started-at="2023-09-04T08:38:31Z" name="setUpAutomation" finished-at="2023-09-04T08:38:34Z" duration-ms="3057" status="PASS">
          <reporter-output>
          </reporter-output>
        </test-method> <!-- setUpAutomation -->
        <test-method signature="login()[pri:0, instance:saucelab.tests.TestScenario@3a4621bd]" started-at="2023-09-04T08:38:34Z" name="login" finished-at="2023-09-04T08:38:38Z" duration-ms="4067" status="PASS">
          <reporter-output>
          </reporter-output>
        </test-method> <!-- login -->
        <test-method is-config="true" signature="shutDown()[pri:0, instance:saucelab.tests.TestScenario@3a4621bd]" started-at="2023-09-04T08:38:38Z" name="shutDown" finished-at="2023-09-04T08:38:40Z" duration-ms="1213" status="PASS">
          <reporter-output>
          </reporter-output>
        </test-method> <!-- shutDown -->
      </class> <!-- saucelab.tests.TestScenario -->
    </test> <!-- Test -->
  </suite> <!-- Suite -->
</testng-results>
