<?xml version="1.0" encoding="UTF-8"?>
<testng-results ignored="0" total="5" passed="5" failed="0" skipped="0">
  <reporter-output>
  </reporter-output>
  <suite started-at="2023-09-08T16:48:28 IST" name="Suite" finished-at="2023-09-08T16:51:23 IST" duration-ms="174566">
    <groups>
    </groups>
    <test started-at="2023-09-08T16:48:28 IST" name="Test" finished-at="2023-09-08T16:51:23 IST" duration-ms="174566">
      <class name="saucelab.tests.TestScenario">
        <test-method is-config="true" signature="setUpAutomation()[pri:0, instance:saucelab.tests.TestScenario@4dd6fd0a]" started-at="2023-09-08T16:48:19 IST" name="setUpAutomation" finished-at="2023-09-08T16:48:28 IST" duration-ms="8606" status="PASS">
          <reporter-output>
          </reporter-output>
        </test-method> <!-- setUpAutomation -->
        <test-method signature="loginToApplication()[pri:0, instance:saucelab.tests.TestScenario@4dd6fd0a]" started-at="2023-09-08T16:48:28 IST" name="loginToApplication" finished-at="2023-09-08T16:48:41 IST" duration-ms="12887" status="PASS">
          <reporter-output>
          </reporter-output>
        </test-method> <!-- loginToApplication -->
        <test-method signature="createXPost(java.lang.String)[pri:1, instance:saucelab.tests.TestScenario@4dd6fd0a]" started-at="2023-09-08T16:48:42 IST" name="createXPost" data-provider="postData" finished-at="2023-09-08T16:48:49 IST" duration-ms="6763" status="PASS">
          <params>
            <param index="0">
              <value>
                <![CDATA[jspop1@#-.]]>
              </value>
            </param>
          </params>
          <reporter-output>
          </reporter-output>
        </test-method> <!-- createXPost -->
        <test-method signature="createXPost(java.lang.String)[pri:1, instance:saucelab.tests.TestScenario@4dd6fd0a]" started-at="2023-09-08T16:48:49 IST" name="createXPost" data-provider="postData" finished-at="2023-09-08T16:48:55 IST" duration-ms="6465" status="PASS">
          <params>
            <param index="0">
              <value>
                <![CDATA[jspop2@#-.]]>
              </value>
            </param>
          </params>
          <reporter-output>
          </reporter-output>
        </test-method> <!-- createXPost -->
        <test-method signature="createXPost(java.lang.String)[pri:1, instance:saucelab.tests.TestScenario@4dd6fd0a]" started-at="2023-09-08T16:48:56 IST" name="createXPost" data-provider="postData" finished-at="2023-09-08T16:49:02 IST" duration-ms="6343" status="PASS">
          <params>
            <param index="0">
              <value>
                <![CDATA[jspop3@#-.]]>
              </value>
            </param>
          </params>
          <reporter-output>
          </reporter-output>
        </test-method> <!-- createXPost -->
        <test-method signature="startAppimAndDriver()[pri:3, instance:saucelab.tests.TestScenario@4dd6fd0a]" started-at="2023-09-08T16:49:03 IST" name="startAppimAndDriver" finished-at="2023-09-08T16:51:22 IST" duration-ms="139534" status="PASS">
          <reporter-output>
          </reporter-output>
        </test-method> <!-- startAppimAndDriver -->
        <test-method is-config="true" signature="shutDown()[pri:0, instance:saucelab.tests.TestScenario@4dd6fd0a]" started-at="2023-09-08T16:51:23 IST" name="shutDown" finished-at="2023-09-08T16:51:24 IST" duration-ms="1757" status="PASS">
          <reporter-output>
          </reporter-output>
        </test-method> <!-- shutDown -->
      </class> <!-- saucelab.tests.TestScenario -->
    </test> <!-- Test -->
  </suite> <!-- Suite -->
</testng-results>
