<?xml version="1.0" encoding="UTF-8"?>
<testng-results ignored="0" total="1" passed="1" failed="0" skipped="0">
  <reporter-output>
  </reporter-output>
  <suite started-at="2023-09-04T08:30:31Z" name="Default suite" finished-at="2023-09-04T08:30:35Z" duration-ms="4083">
    <groups>
    </groups>
    <test started-at="2023-09-04T08:30:31Z" name="Default test" finished-at="2023-09-04T08:30:35Z" duration-ms="4083">
      <class name="saucelab.tests.TestScenario">
        <test-method is-config="true" signature="setUpAutomation()[pri:0, instance:saucelab.tests.TestScenario@3568f9d2]" started-at="2023-09-04T08:30:28Z" name="setUpAutomation" finished-at="2023-09-04T08:30:31Z" duration-ms="3011" status="PASS">
          <reporter-output>
          </reporter-output>
        </test-method> <!-- setUpAutomation -->
        <test-method signature="login()[pri:0, instance:saucelab.tests.TestScenario@3568f9d2]" started-at="2023-09-04T08:30:31Z" name="login" finished-at="2023-09-04T08:30:35Z" duration-ms="4058" status="PASS">
          <reporter-output>
          </reporter-output>
        </test-method> <!-- login -->
        <test-method is-config="true" signature="tearDown()[pri:0, instance:saucelab.tests.TestScenario@3568f9d2]" started-at="2023-09-04T08:30:35Z" name="tearDown" finished-at="2023-09-04T08:30:35Z" duration-ms="9" status="FAIL">
          <exception class="java.lang.StackOverflowError">
            <full-stacktrace>
              <![CDATA[java.lang.StackOverflowError
at saucelab.tests.TestScenario.tearDown(TestScenario.java:33)
at saucelab.tests.TestScenario.tearDown(TestScenario.java:33)
at saucelab.tests.TestScenario.tearDown(TestScenario.java:33)
at saucelab.tests.TestScenario.tearDown(TestScenario.java:33)
at saucelab.tests.TestScenario.tearDown(TestScenario.java:33)
at saucelab.tests.TestScenario.tearDown(TestScenario.java:33)
at saucelab.tests.TestScenario.tearDown(TestScenario.java:33)
at saucelab.tests.TestScenario.tearDown(TestScenario.java:33)
at saucelab.tests.TestScenario.tearDown(TestScenario.java:33)
at saucelab.tests.TestScenario.tearDown(TestScenario.java:33)
at saucelab.tests.TestScenario.tearDown(TestScenario.java:33)
at saucelab.tests.TestScenario.tearDown(TestScenario.java:33)
at saucelab.tests.TestScenario.tearDown(TestScenario.java:33)
at saucelab.tests.TestScenario.tearDown(TestScenario.java:33)
at saucelab.tests.TestScenario.tearDown(TestScenario.java:33)
at saucelab.tests.TestScenario.tearDown(TestScenario.java:33)
at saucelab.tests.TestScenario.tearDown(TestScenario.java:33)
at saucelab.tests.TestScenario.tearDown(TestScenario.java:33)
at saucelab.tests.TestScenario.tearDown(TestScenario.java:33)
at saucelab.tests.TestScenario.tearDown(TestScenario.java:33)
at saucelab.tests.TestScenario.tearDown(TestScenario.java:33)
at saucelab.tests.TestScenario.tearDown(TestScenario.java:33)
at saucelab.tests.TestScenario.tearDown(TestScenario.java:33)
at saucelab.tests.TestScenario.tearDown(TestScenario.java:33)
at saucelab.tests.TestScenario.tearDown(TestScenario.java:33)
at saucelab.tests.TestScenario.tearDown(TestScenario.java:33)
at saucelab.tests.TestScenario.tearDown(TestScenario.java:33)
at saucelab.tests.TestScenario.tearDown(TestScenario.java:33)
at saucelab.tests.TestScenario.tearDown(TestScenario.java:33)
at saucelab.tests.TestScenario.tearDown(TestScenario.java:33)
at saucelab.tests.TestScenario.tearDown(TestScenario.java:33)
at saucelab.tests.TestScenario.tearDown(TestScenario.java:33)
at saucelab.tests.TestScenario.tearDown(TestScenario.java:33)
at saucelab.tests.TestScenario.tearDown(TestScenario.java:33)
at saucelab.tests.TestScenario.tearDown(TestScenario.java:33)
at saucelab.tests.TestScenario.tearDown(TestScenario.java:33)
at saucelab.tests.TestScenario.tearDown(TestScenario.java:33)
at saucelab.tests.TestScenario.tearDown(TestScenario.java:33)
at saucelab.tests.TestScenario.tearDown(TestScenario.java:33)
at saucelab.tests.TestScenario.tearDown(TestScenario.java:33)
at saucelab.tests.TestScenario.tearDown(TestScenario.java:33)
at saucelab.tests.TestScenario.tearDown(TestScenario.java:33)
at saucelab.tests.TestScenario.tearDown(TestScenario.java:33)
at saucelab.tests.TestScenario.tearDown(TestScenario.java:33)
at saucelab.tests.TestScenario.tearDown(TestScenario.java:33)
at saucelab.tests.TestScenario.tearDown(TestScenario.java:33)
at saucelab.tests.TestScenario.tearDown(TestScenario.java:33)
at saucelab.tests.TestScenario.tearDown(TestScenario.java:33)
at saucelab.tests.TestScenario.tearDown(TestScenario.java:33)
at saucelab.tests.TestScenario.tearDown(TestScenario.java:33)
at saucelab.tests.TestScenario.tearDown(TestScenario.java:33)
at saucelab.tests.TestScenario.tearDown(TestScenario.java:33)
at saucelab.tests.TestScenario.tearDown(TestScenario.java:33)
at saucelab.tests.TestScenario.tearDown(TestScenario.java:33)
at saucelab.tests.TestScenario.tearDown(TestScenario.java:33)
at saucelab.tests.TestScenario.tearDown(TestScenario.java:33)
at saucelab.tests.TestScenario.tearDown(TestScenario.java:33)
at saucelab.tests.TestScenario.tearDown(TestScenario.java:33)
at saucelab.tests.TestScenario.tearDown(TestScenario.java:33)
at saucelab.tests.TestScenario.tearDown(TestScenario.java:33)
at saucelab.tests.TestScenario.tearDown(TestScenario.java:33)
at saucelab.tests.TestScenario.tearDown(TestScenario.java:33)
at saucelab.tests.TestScenario.tearDown(TestScenario.java:33)
at saucelab.tests.TestScenario.tearDown(TestScenario.java:33)
at saucelab.tests.TestScenario.tearDown(TestScenario.java:33)
at saucelab.tests.TestScenario.tearDown(TestScenario.java:33)
at saucelab.tests.TestScenario.tearDown(TestScenario.java:33)
at saucelab.tests.TestScenario.tearDown(TestScenario.java:33)
at saucelab.tests.TestScenario.tearDown(TestScenario.java:33)
at saucelab.tests.TestScenario.tearDown(TestScenario.java:33)
at saucelab.tests.TestScenario.tearDown(TestScenario.java:33)
at saucelab.tests.TestScenario.tearDown(TestScenario.java:33)
at saucelab.tests.TestScenario.tearDown(TestScenario.java:33)
at saucelab.tests.TestScenario.tearDown(TestScenario.java:33)
at saucelab.tests.TestScenario.tearDown(TestScenario.java:33)
at saucelab.tests.TestScenario.tearDown(TestScenario.java:33)
at saucelab.tests.TestScenario.tearDown(TestScenario.java:33)
at saucelab.tests.TestScenario.tearDown(TestScenario.java:33)
at saucelab.tests.TestScenario.tearDown(TestScenario.java:33)
at saucelab.tests.TestScenario.tearDown(TestScenario.java:33)
at saucelab.tests.TestScenario.tearDown(TestScenario.java:33)
at saucelab.tests.TestScenario.tearDown(TestScenario.java:33)
at saucelab.tests.TestScenario.tearDown(TestScenario.java:33)
at saucelab.tests.TestScenario.tearDown(TestScenario.java:33)
at saucelab.tests.TestScenario.tearDown(TestScenario.java:33)
at saucelab.tests.TestScenario.tearDown(TestScenario.java:33)
at saucelab.tests.TestScenario.tearDown(TestScenario.java:33)
at saucelab.tests.TestScenario.tearDown(TestScenario.java:33)
at saucelab.tests.TestScenario.tearDown(TestScenario.java:33)
at saucelab.tests.TestScenario.tearDown(TestScenario.java:33)
at saucelab.tests.TestScenario.tearDown(TestScenario.java:33)
at saucelab.tests.TestScenario.tearDown(TestScenario.java:33)
at saucelab.tests.TestScenario.tearDown(TestScenario.java:33)
at saucelab.tests.TestScenario.tearDown(TestScenario.java:33)
at saucelab.tests.TestScenario.tearDown(TestScenario.java:33)
at saucelab.tests.TestScenario.tearDown(TestScenario.java:33)
at saucelab.tests.TestScenario.tearDown(TestScenario.java:33)
at saucelab.tests.TestScenario.tearDown(TestScenario.java:33)
at saucelab.tests.TestScenario.tearDown(TestScenario.java:33)
at saucelab.tests.TestScenario.tearDown(TestScenario.java:33)
at saucelab.tests.TestScenario.tearDown(TestScenario.java:33)
at saucelab.tests.TestScenario.tearDown(TestScenario.java:33)
at saucelab.tests.TestScenario.tearDown(TestScenario.java:33)
at saucelab.tests.TestScenario.tearDown(TestScenario.java:33)
at saucelab.tests.TestScenario.tearDown(TestScenario.java:33)
at saucelab.tests.TestScenario.tearDown(TestScenario.java:33)
at saucelab.tests.TestScenario.tearDown(TestScenario.java:33)
at saucelab.tests.TestScenario.tearDown(TestScenario.java:33)
at saucelab.tests.TestScenario.tearDown(TestScenario.java:33)
at saucelab.tests.TestScenario.tearDown(TestScenario.java:33)
at saucelab.tests.TestScenario.tearDown(TestScenario.java:33)
at saucelab.tests.TestScenario.tearDown(TestScenario.java:33)
at saucelab.tests.TestScenario.tearDown(TestScenario.java:33)
at saucelab.tests.TestScenario.tearDown(TestScenario.java:33)
at saucelab.tests.TestScenario.tearDown(TestScenario.java:33)
at saucelab.tests.TestScenario.tearDown(TestScenario.java:33)
at saucelab.tests.TestScenario.tearDown(TestScenario.java:33)
at saucelab.tests.TestScenario.tearDown(TestScenario.java:33)
at saucelab.tests.TestScenario.tearDown(TestScenario.java:33)
at saucelab.tests.TestScenario.tearDown(TestScenario.java:33)
at saucelab.tests.TestScenario.tearDown(TestScenario.java:33)
at saucelab.tests.TestScenario.tearDown(TestScenario.java:33)
at saucelab.tests.TestScenario.tearDown(TestScenario.java:33)
at saucelab.tests.TestScenario.tearDown(TestScenario.java:33)
at saucelab.tests.TestScenario.tearDown(TestScenario.java:33)
at saucelab.tests.TestScenario.tearDown(TestScenario.java:33)
at saucelab.tests.TestScenario.tearDown(TestScenario.java:33)
at saucelab.tests.TestScenario.tearDown(TestScenario.java:33)
at saucelab.tests.TestScenario.tearDown(TestScenario.java:33)
at saucelab.tests.TestScenario.tearDown(TestScenario.java:33)
at saucelab.tests.TestScenario.tearDown(TestScenario.java:33)
at saucelab.tests.TestScenario.tearDown(TestScenario.java:33)
at saucelab.tests.TestScenario.tearDown(TestScenario.java:33)
at saucelab.tests.TestScenario.tearDown(TestScenario.java:33)
at saucelab.tests.TestScenario.tearDown(TestScenario.java:33)
at saucelab.tests.TestScenario.tearDown(TestScenario.java:33)
at saucelab.tests.TestScenario.tearDown(TestScenario.java:33)
at saucelab.tests.TestScenario.tearDown(TestScenario.java:33)
at saucelab.tests.TestScenario.tearDown(TestScenario.java:33)
at saucelab.tests.TestScenario.tearDown(TestScenario.java:33)
at saucelab.tests.TestScenario.tearDown(TestScenario.java:33)
at saucelab.tests.TestScenario.tearDown(TestScenario.java:33)
at saucelab.tests.TestScenario.tearDown(TestScenario.java:33)
at saucelab.tests.TestScenario.tearDown(TestScenario.java:33)
at saucelab.tests.TestScenario.tearDown(TestScenario.java:33)
at saucelab.tests.TestScenario.tearDown(TestScenario.java:33)
at saucelab.tests.TestScenario.tearDown(TestScenario.java:33)
at saucelab.tests.TestScenario.tearDown(TestScenario.java:33)
at saucelab.tests.TestScenario.tearDown(TestScenario.java:33)
at saucelab.tests.TestScenario.tearDown(TestScenario.java:33)
at saucelab.tests.TestScenario.tearDown(TestScenario.java:33)
at saucelab.tests.TestScenario.tearDown(TestScenario.java:33)
at saucelab.tests.TestScenario.tearDown(TestScenario.java:33)
at saucelab.tests.TestScenario.tearDown(TestScenario.java:33)
at saucelab.tests.TestScenario.tearDown(TestScenario.java:33)
at saucelab.tests.TestScenario.tearDown(TestScenario.java:33)
at saucelab.tests.TestScenario.tearDown(TestScenario.java:33)
at saucelab.tests.TestScenario.tearDown(TestScenario.java:33)
at saucelab.tests.TestScenario.tearDown(TestScenario.java:33)
at saucelab.tests.TestScenario.tearDown(TestScenario.java:33)
at saucelab.tests.TestScenario.tearDown(TestScenario.java:33)
at saucelab.tests.TestScenario.tearDown(TestScenario.java:33)
at saucelab.tests.TestScenario.tearDown(TestScenario.java:33)
at saucelab.tests.TestScenario.tearDown(TestScenario.java:33)
at saucelab.tests.TestScenario.tearDown(TestScenario.java:33)
at saucelab.tests.TestScenario.tearDown(TestScenario.java:33)
at saucelab.tests.TestScenario.tearDown(TestScenario.java:33)
at saucelab.tests.TestScenario.tearDown(TestScenario.java:33)
at saucelab.tests.TestScenario.tearDown(TestScenario.java:33)
at saucelab.tests.TestScenario.tearDown(TestScenario.java:33)
at saucelab.tests.TestScenario.tearDown(TestScenario.java:33)
at saucelab.tests.TestScenario.tearDown(TestScenario.java:33)
at saucelab.tests.TestScenario.tearDown(TestScenario.java:33)
at saucelab.tests.TestScenario.tearDown(TestScenario.java:33)
at saucelab.tests.TestScenario.tearDown(TestScenario.java:33)
at saucelab.tests.TestScenario.tearDown(TestScenario.java:33)
at saucelab.tests.TestScenario.tearDown(TestScenario.java:33)
at saucelab.tests.TestScenario.tearDown(TestScenario.java:33)
at saucelab.tests.TestScenario.tearDown(TestScenario.java:33)
at saucelab.tests.TestScenario.tearDown(TestScenario.java:33)
at saucelab.tests.TestScenario.tearDown(TestScenario.java:33)
at saucelab.tests.TestScenario.tearDown(TestScenario.java:33)
at saucelab.tests.TestScenario.tearDown(TestScenario.java:33)
at saucelab.tests.TestScenario.tearDown(TestScenario.java:33)
at saucelab.tests.TestScenario.tearDown(TestScenario.java:33)
at saucelab.tests.TestScenario.tearDown(TestScenario.java:33)
at saucelab.tests.TestScenario.tearDown(TestScenario.java:33)
at saucelab.tests.TestScenario.tearDown(TestScenario.java:33)
at saucelab.tests.TestScenario.tearDown(TestScenario.java:33)
at saucelab.tests.TestScenario.tearDown(TestScenario.java:33)
at saucelab.tests.TestScenario.tearDown(TestScenario.java:33)
at saucelab.tests.TestScenario.tearDown(TestScenario.java:33)
at saucelab.tests.TestScenario.tearDown(TestScenario.java:33)
at saucelab.tests.TestScenario.tearDown(TestScenario.java:33)
at saucelab.tests.TestScenario.tearDown(TestScenario.java:33)
at saucelab.tests.TestScenario.tearDown(TestScenario.java:33)
at saucelab.tests.TestScenario.tearDown(TestScenario.java:33)
at saucelab.tests.TestScenario.tearDown(TestScenario.java:33)
at saucelab.tests.TestScenario.tearDown(TestScenario.java:33)
at saucelab.tests.TestScenario.tearDown(TestScenario.java:33)
at saucelab.tests.TestScenario.tearDown(TestScenario.java:33)
at saucelab.tests.TestScenario.tearDown(TestScenario.java:33)
at saucelab.tests.TestScenario.tearDown(TestScenario.java:33)
at saucelab.tests.TestScenario.tearDown(TestScenario.java:33)
at saucelab.tests.TestScenario.tearDown(TestScenario.java:33)
at saucelab.tests.TestScenario.tearDown(TestScenario.java:33)
at saucelab.tests.TestScenario.tearDown(TestScenario.java:33)
at saucelab.tests.TestScenario.tearDown(TestScenario.java:33)
at saucelab.tests.TestScenario.tearDown(TestScenario.java:33)
at saucelab.tests.TestScenario.tearDown(TestScenario.java:33)
at saucelab.tests.TestScenario.tearDown(TestScenario.java:33)
at saucelab.tests.TestScenario.tearDown(TestScenario.java:33)
at saucelab.tests.TestScenario.tearDown(TestScenario.java:33)
at saucelab.tests.TestScenario.tearDown(TestScenario.java:33)
at saucelab.tests.TestScenario.tearDown(TestScenario.java:33)
at saucelab.tests.TestScenario.tearDown(TestScenario.java:33)
at saucelab.tests.TestScenario.tearDown(TestScenario.java:33)
at saucelab.tests.TestScenario.tearDown(TestScenario.java:33)
at saucelab.tests.TestScenario.tearDown(TestScenario.java:33)
at saucelab.tests.TestScenario.tearDown(TestScenario.java:33)
at saucelab.tests.TestScenario.tearDown(TestScenario.java:33)
at saucelab.tests.TestScenario.tearDown(TestScenario.java:33)
at saucelab.tests.TestScenario.tearDown(TestScenario.java:33)
at saucelab.tests.TestScenario.tearDown(TestScenario.java:33)
at saucelab.tests.TestScenario.tearDown(TestScenario.java:33)
at saucelab.tests.TestScenario.tearDown(TestScenario.java:33)
at saucelab.tests.TestScenario.tearDown(TestScenario.java:33)
at saucelab.tests.TestScenario.tearDown(TestScenario.java:33)
at saucelab.tests.TestScenario.tearDown(TestScenario.java:33)
at saucelab.tests.TestScenario.tearDown(TestScenario.java:33)
at saucelab.tests.TestScenario.tearDown(TestScenario.java:33)
at saucelab.tests.TestScenario.tearDown(TestScenario.java:33)
at saucelab.tests.TestScenario.tearDown(TestScenario.java:33)
at saucelab.tests.TestScenario.tearDown(TestScenario.java:33)
at saucelab.tests.TestScenario.tearDown(TestScenario.java:33)
at saucelab.tests.TestScenario.tearDown(TestScenario.java:33)
at saucelab.tests.TestScenario.tearDown(TestScenario.java:33)
at saucelab.tests.TestScenario.tearDown(TestScenario.java:33)
at saucelab.tests.TestScenario.tearDown(TestScenario.java:33)
at saucelab.tests.TestScenario.tearDown(TestScenario.java:33)
at saucelab.tests.TestScenario.tearDown(TestScenario.java:33)
at saucelab.tests.TestScenario.tearDown(TestScenario.java:33)
at saucelab.tests.TestScenario.tearDown(TestScenario.java:33)
at saucelab.tests.TestScenario.tearDown(TestScenario.java:33)
at saucelab.tests.TestScenario.tearDown(TestScenario.java:33)
at saucelab.tests.TestScenario.tearDown(TestScenario.java:33)
at saucelab.tests.TestScenario.tearDown(TestScenario.java:33)
at saucelab.tests.TestScenario.tearDown(TestScenario.java:33)
at saucelab.tests.TestScenario.tearDown(TestScenario.java:33)
at saucelab.tests.TestScenario.tearDown(TestScenario.java:33)
at saucelab.tests.TestScenario.tearDown(TestScenario.java:33)
at saucelab.tests.TestScenario.tearDown(TestScenario.java:33)
at saucelab.tests.TestScenario.tearDown(TestScenario.java:33)
at saucelab.tests.TestScenario.tearDown(TestScenario.java:33)
at saucelab.tests.TestScenario.tearDown(TestScenario.java:33)
at saucelab.tests.TestScenario.tearDown(TestScenario.java:33)
at saucelab.tests.TestScenario.tearDown(TestScenario.java:33)
at saucelab.tests.TestScenario.tearDown(TestScenario.java:33)
at saucelab.tests.TestScenario.tearDown(TestScenario.java:33)
at saucelab.tests.TestScenario.tearDown(TestScenario.java:33)
at saucelab.tests.TestScenario.tearDown(TestScenario.java:33)
at saucelab.tests.TestScenario.tearDown(TestScenario.java:33)
at saucelab.tests.TestScenario.tearDown(TestScenario.java:33)
at saucelab.tests.TestScenario.tearDown(TestScenario.java:33)
at saucelab.tests.TestScenario.tearDown(TestScenario.java:33)
at saucelab.tests.TestScenario.tearDown(TestScenario.java:33)
at saucelab.tests.TestScenario.tearDown(TestScenario.java:33)
at saucelab.tests.TestScenario.tearDown(TestScenario.java:33)
at saucelab.tests.TestScenario.tearDown(TestScenario.java:33)
at saucelab.tests.TestScenario.tearDown(TestScenario.java:33)
at saucelab.tests.TestScenario.tearDown(TestScenario.java:33)
at saucelab.tests.TestScenario.tearDown(TestScenario.java:33)
at saucelab.tests.TestScenario.tearDown(TestScenario.java:33)
at saucelab.tests.TestScenario.tearDown(TestScenario.java:33)
at saucelab.tests.TestScenario.tearDown(TestScenario.java:33)
at saucelab.tests.TestScenario.tearDown(TestScenario.java:33)
at saucelab.tests.TestScenario.tearDown(TestScenario.java:33)
at saucelab.tests.TestScenario.tearDown(TestScenario.java:33)
at saucelab.tests.TestScenario.tearDown(TestScenario.java:33)
at saucelab.tests.TestScenario.tearDown(TestScenario.java:33)
at saucelab.tests.TestScenario.tearDown(TestScenario.java:33)
at saucelab.tests.TestScenario.tearDown(TestScenario.java:33)
at saucelab.tests.TestScenario.tearDown(TestScenario.java:33)
at saucelab.tests.TestScenario.tearDown(TestScenario.java:33)
at saucelab.tests.TestScenario.tearDown(TestScenario.java:33)
at saucelab.tests.TestScenario.tearDown(TestScenario.java:33)
at saucelab.tests.TestScenario.tearDown(TestScenario.java:33)
at saucelab.tests.TestScenario.tearDown(TestScenario.java:33)
at saucelab.tests.TestScenario.tearDown(TestScenario.java:33)
at saucelab.tests.TestScenario.tearDown(TestScenario.java:33)
at saucelab.tests.TestScenario.tearDown(TestScenario.java:33)
at saucelab.tests.TestScenario.tearDown(TestScenario.java:33)
at saucelab.tests.TestScenario.tearDown(TestScenario.java:33)
at saucelab.tests.TestScenario.tearDown(TestScenario.java:33)
at saucelab.tests.TestScenario.tearDown(TestScenario.java:33)
at saucelab.tests.TestScenario.tearDown(TestScenario.java:33)
at saucelab.tests.TestScenario.tearDown(TestScenario.java:33)
at saucelab.tests.TestScenario.tearDown(TestScenario.java:33)
at saucelab.tests.TestScenario.tearDown(TestScenario.java:33)
at saucelab.tests.TestScenario.tearDown(TestScenario.java:33)
at saucelab.tests.TestScenario.tearDown(TestScenario.java:33)
at saucelab.tests.TestScenario.tearDown(TestScenario.java:33)
at saucelab.tests.TestScenario.tearDown(TestScenario.java:33)
at saucelab.tests.TestScenario.tearDown(TestScenario.java:33)
at saucelab.tests.TestScenario.tearDown(TestScenario.java:33)
at saucelab.tests.TestScenario.tearDown(TestScenario.java:33)
at saucelab.tests.TestScenario.tearDown(TestScenario.java:33)
at saucelab.tests.TestScenario.tearDown(TestScenario.java:33)
at saucelab.tests.TestScenario.tearDown(TestScenario.java:33)
at saucelab.tests.TestScenario.tearDown(TestScenario.java:33)
at saucelab.tests.TestScenario.tearDown(TestScenario.java:33)
at saucelab.tests.TestScenario.tearDown(TestScenario.java:33)
at saucelab.tests.TestScenario.tearDown(TestScenario.java:33)
at saucelab.tests.TestScenario.tearDown(TestScenario.java:33)
at saucelab.tests.TestScenario.tearDown(TestScenario.java:33)
at saucelab.tests.TestScenario.tearDown(TestScenario.java:33)
at saucelab.tests.TestScenario.tearDown(TestScenario.java:33)
at saucelab.tests.TestScenario.tearDown(TestScenario.java:33)
at saucelab.tests.TestScenario.tearDown(TestScenario.java:33)
at saucelab.tests.TestScenario.tearDown(TestScenario.java:33)
at saucelab.tests.TestScenario.tearDown(TestScenario.java:33)
at saucelab.tests.TestScenario.tearDown(TestScenario.java:33)
at saucelab.tests.TestScenario.tearDown(TestScenario.java:33)
at saucelab.tests.TestScenario.tearDown(TestScenario.java:33)
at saucelab.tests.TestScenario.tearDown(TestScenario.java:33)
at saucelab.tests.TestScenario.tearDown(TestScenario.java:33)
at saucelab.tests.TestScenario.tearDown(TestScenario.java:33)
at saucelab.tests.TestScenario.tearDown(TestScenario.java:33)
at saucelab.tests.TestScenario.tearDown(TestScenario.java:33)
at saucelab.tests.TestScenario.tearDown(TestScenario.java:33)
at saucelab.tests.TestScenario.tearDown(TestScenario.java:33)
at saucelab.tests.TestScenario.tearDown(TestScenario.java:33)
at saucelab.tests.TestScenario.tearDown(TestScenario.java:33)
at saucelab.tests.TestScenario.tearDown(TestScenario.java:33)
at saucelab.tests.TestScenario.tearDown(TestScenario.java:33)
at saucelab.tests.TestScenario.tearDown(TestScenario.java:33)
at saucelab.tests.TestScenario.tearDown(TestScenario.java:33)
at saucelab.tests.TestScenario.tearDown(TestScenario.java:33)
at saucelab.tests.TestScenario.tearDown(TestScenario.java:33)
at saucelab.tests.TestScenario.tearDown(TestScenario.java:33)
at saucelab.tests.TestScenario.tearDown(TestScenario.java:33)
at saucelab.tests.TestScenario.tearDown(TestScenario.java:33)
at saucelab.tests.TestScenario.tearDown(TestScenario.java:33)
at saucelab.tests.TestScenario.tearDown(TestScenario.java:33)
at saucelab.tests.TestScenario.tearDown(TestScenario.java:33)
at saucelab.tests.TestScenario.tearDown(TestScenario.java:33)
at saucelab.tests.TestScenario.tearDown(TestScenario.java:33)
at saucelab.tests.TestScenario.tearDown(TestScenario.java:33)
at saucelab.tests.TestScenario.tearDown(TestScenario.java:33)
at saucelab.tests.TestScenario.tearDown(TestScenario.java:33)
at saucelab.tests.TestScenario.tearDown(TestScenario.java:33)
at saucelab.tests.TestScenario.tearDown(TestScenario.java:33)
at saucelab.tests.TestScenario.tearDown(TestScenario.java:33)
at saucelab.tests.TestScenario.tearDown(TestScenario.java:33)
at saucelab.tests.TestScenario.tearDown(TestScenario.java:33)
at saucelab.tests.TestScenario.tearDown(TestScenario.java:33)
at saucelab.tests.TestScenario.tearDown(TestScenario.java:33)
at saucelab.tests.TestScenario.tearDown(TestScenario.java:33)
at saucelab.tests.TestScenario.tearDown(TestScenario.java:33)
at saucelab.tests.TestScenario.tearDown(TestScenario.java:33)
at saucelab.tests.TestScenario.tearDown(TestScenario.java:33)
at saucelab.tests.TestScenario.tearDown(TestScenario.java:33)
at saucelab.tests.TestScenario.tearDown(TestScenario.java:33)
at saucelab.tests.TestScenario.tearDown(TestScenario.java:33)
at saucelab.tests.TestScenario.tearDown(TestScenario.java:33)
at saucelab.tests.TestScenario.tearDown(TestScenario.java:33)
at saucelab.tests.TestScenario.tearDown(TestScenario.java:33)
at saucelab.tests.TestScenario.tearDown(TestScenario.java:33)
at saucelab.tests.TestScenario.tearDown(TestScenario.java:33)
at saucelab.tests.TestScenario.tearDown(TestScenario.java:33)
at saucelab.tests.TestScenario.tearDown(TestScenario.java:33)
at saucelab.tests.TestScenario.tearDown(TestScenario.java:33)
at saucelab.tests.TestScenario.tearDown(TestScenario.java:33)
at saucelab.tests.TestScenario.tearDown(TestScenario.java:33)
at saucelab.tests.TestScenario.tearDown(TestScenario.java:33)
at saucelab.tests.TestScenario.tearDown(TestScenario.java:33)
at saucelab.tests.TestScenario.tearDown(TestScenario.java:33)
at saucelab.tests.TestScenario.tearDown(TestScenario.java:33)
at saucelab.tests.TestScenario.tearDown(TestScenario.java:33)
at saucelab.tests.TestScenario.tearDown(TestScenario.java:33)
at saucelab.tests.TestScenario.tearDown(TestScenario.java:33)
at saucelab.tests.TestScenario.tearDown(TestScenario.java:33)
at saucelab.tests.TestScenario.tearDown(TestScenario.java:33)
at saucelab.tests.TestScenario.tearDown(TestScenario.java:33)
at saucelab.tests.TestScenario.tearDown(TestScenario.java:33)
at saucelab.tests.TestScenario.tearDown(TestScenario.java:33)
at saucelab.tests.TestScenario.tearDown(TestScenario.java:33)
at saucelab.tests.TestScenario.tearDown(TestScenario.java:33)
at saucelab.tests.TestScenario.tearDown(TestScenario.java:33)
at saucelab.tests.TestScenario.tearDown(TestScenario.java:33)
at saucelab.tests.TestScenario.tearDown(TestScenario.java:33)
at saucelab.tests.TestScenario.tearDown(TestScenario.java:33)
at saucelab.tests.TestScenario.tearDown(TestScenario.java:33)
at saucelab.tests.TestScenario.tearDown(TestScenario.java:33)
at saucelab.tests.TestScenario.tearDown(TestScenario.java:33)
at saucelab.tests.TestScenario.tearDown(TestScenario.java:33)
at saucelab.tests.TestScenario.tearDown(TestScenario.java:33)
at saucelab.tests.TestScenario.tearDown(TestScenario.java:33)
at saucelab.tests.TestScenario.tearDown(TestScenario.java:33)
at saucelab.tests.TestScenario.tearDown(TestScenario.java:33)
at saucelab.tests.TestScenario.tearDown(TestScenario.java:33)
at saucelab.tests.TestScenario.tearDown(TestScenario.java:33)
at saucelab.tests.TestScenario.tearDown(TestScenario.java:33)
at saucelab.tests.TestScenario.tearDown(TestScenario.java:33)
at saucelab.tests.TestScenario.tearDown(TestScenario.java:33)
at saucelab.tests.TestScenario.tearDown(TestScenario.java:33)
at saucelab.tests.TestScenario.tearDown(TestScenario.java:33)
at saucelab.tests.TestScenario.tearDown(TestScenario.java:33)
at saucelab.tests.TestScenario.tearDown(TestScenario.java:33)
at saucelab.tests.TestScenario.tearDown(TestScenario.java:33)
at saucelab.tests.TestScenario.tearDown(TestScenario.java:33)
at saucelab.tests.TestScenario.tearDown(TestScenario.java:33)
at saucelab.tests.TestScenario.tearDown(TestScenario.java:33)
at saucelab.tests.TestScenario.tearDown(TestScenario.java:33)
at saucelab.tests.TestScenario.tearDown(TestScenario.java:33)
at saucelab.tests.TestScenario.tearDown(TestScenario.java:33)
at saucelab.tests.TestScenario.tearDown(TestScenario.java:33)
at saucelab.tests.TestScenario.tearDown(TestScenario.java:33)
at saucelab.tests.TestScenario.tearDown(TestScenario.java:33)
at saucelab.tests.TestScenario.tearDown(TestScenario.java:33)
at saucelab.tests.TestScenario.tearDown(TestScenario.java:33)
at saucelab.tests.TestScenario.tearDown(TestScenario.java:33)
at saucelab.tests.TestScenario.tearDown(TestScenario.java:33)
at saucelab.tests.TestScenario.tearDown(TestScenario.java:33)
at saucelab.tests.TestScenario.tearDown(TestScenario.java:33)
at saucelab.tests.TestScenario.tearDown(TestScenario.java:33)
at saucelab.tests.TestScenario.tearDown(TestScenario.java:33)
at saucelab.tests.TestScenario.tearDown(TestScenario.java:33)
at saucelab.tests.TestScenario.tearDown(TestScenario.java:33)
at saucelab.tests.TestScenario.tearDown(TestScenario.java:33)
at saucelab.tests.TestScenario.tearDown(TestScenario.java:33)
at saucelab.tests.TestScenario.tearDown(TestScenario.java:33)
at saucelab.tests.TestScenario.tearDown(TestScenario.java:33)
at saucelab.tests.TestScenario.tearDown(TestScenario.java:33)
at saucelab.tests.TestScenario.tearDown(TestScenario.java:33)
at saucelab.tests.TestScenario.tearDown(TestScenario.java:33)
at saucelab.tests.TestScenario.tearDown(TestScenario.java:33)
at saucelab.tests.TestScenario.tearDown(TestScenario.java:33)
at saucelab.tests.TestScenario.tearDown(TestScenario.java:33)
at saucelab.tests.TestScenario.tearDown(TestScenario.java:33)
at saucelab.tests.TestScenario.tearDown(TestScenario.java:33)
at saucelab.tests.TestScenario.tearDown(TestScenario.java:33)
at saucelab.tests.TestScenario.tearDown(TestScenario.java:33)
at saucelab.tests.TestScenario.tearDown(TestScenario.java:33)
at saucelab.tests.TestScenario.tearDown(TestScenario.java:33)
at saucelab.tests.TestScenario.tearDown(TestScenario.java:33)
at saucelab.tests.TestScenario.tearDown(TestScenario.java:33)
at saucelab.tests.TestScenario.tearDown(TestScenario.java:33)
at saucelab.tests.TestScenario.tearDown(TestScenario.java:33)
at saucelab.tests.TestScenario.tearDown(TestScenario.java:33)
at saucelab.tests.TestScenario.tearDown(TestScenario.java:33)
at saucelab.tests.TestScenario.tearDown(TestScenario.java:33)
at saucelab.tests.TestScenario.tearDown(TestScenario.java:33)
at saucelab.tests.TestScenario.tearDown(TestScenario.java:33)
at saucelab.tests.TestScenario.tearDown(TestScenario.java:33)
at saucelab.tests.TestScenario.tearDown(TestScenario.java:33)
at saucelab.tests.TestScenario.tearDown(TestScenario.java:33)
at saucelab.tests.TestScenario.tearDown(TestScenario.java:33)
at saucelab.tests.TestScenario.tearDown(TestScenario.java:33)
at saucelab.tests.TestScenario.tearDown(TestScenario.java:33)
at saucelab.tests.TestScenario.tearDown(TestScenario.java:33)
at saucelab.tests.TestScenario.tearDown(TestScenario.java:33)
at saucelab.tests.TestScenario.tearDown(TestScenario.java:33)
at saucelab.tests.TestScenario.tearDown(TestScenario.java:33)
at saucelab.tests.TestScenario.tearDown(TestScenario.java:33)
at saucelab.tests.TestScenario.tearDown(TestScenario.java:33)
at saucelab.tests.TestScenario.tearDown(TestScenario.java:33)
at saucelab.tests.TestScenario.tearDown(TestScenario.java:33)
at saucelab.tests.TestScenario.tearDown(TestScenario.java:33)
at saucelab.tests.TestScenario.tearDown(TestScenario.java:33)
at saucelab.tests.TestScenario.tearDown(TestScenario.java:33)
at saucelab.tests.TestScenario.tearDown(TestScenario.java:33)
at saucelab.tests.TestScenario.tearDown(TestScenario.java:33)
at saucelab.tests.TestScenario.tearDown(TestScenario.java:33)
at saucelab.tests.TestScenario.tearDown(TestScenario.java:33)
at saucelab.tests.TestScenario.tearDown(TestScenario.java:33)
at saucelab.tests.TestScenario.tearDown(TestScenario.java:33)
at saucelab.tests.TestScenario.tearDown(TestScenario.java:33)
at saucelab.tests.TestScenario.tearDown(TestScenario.java:33)
at saucelab.tests.TestScenario.tearDown(TestScenario.java:33)
at saucelab.tests.TestScenario.tearDown(TestScenario.java:33)
at saucelab.tests.TestScenario.tearDown(TestScenario.java:33)
at saucelab.tests.TestScenario.tearDown(TestScenario.java:33)
at saucelab.tests.TestScenario.tearDown(TestScenario.java:33)
at saucelab.tests.TestScenario.tearDown(TestScenario.java:33)
at saucelab.tests.TestScenario.tearDown(TestScenario.java:33)
at saucelab.tests.TestScenario.tearDown(TestScenario.java:33)
at saucelab.tests.TestScenario.tearDown(TestScenario.java:33)
at saucelab.tests.TestScenario.tearDown(TestScenario.java:33)
at saucelab.tests.TestScenario.tearDown(TestScenario.java:33)
at saucelab.tests.TestScenario.tearDown(TestScenario.java:33)
at saucelab.tests.TestScenario.tearDown(TestScenario.java:33)
at saucelab.tests.TestScenario.tearDown(TestScenario.java:33)
at saucelab.tests.TestScenario.tearDown(TestScenario.java:33)
at saucelab.tests.TestScenario.tearDown(TestScenario.java:33)
at saucelab.tests.TestScenario.tearDown(TestScenario.java:33)
at saucelab.tests.TestScenario.tearDown(TestScenario.java:33)
at saucelab.tests.TestScenario.tearDown(TestScenario.java:33)
at saucelab.tests.TestScenario.tearDown(TestScenario.java:33)
at saucelab.tests.TestScenario.tearDown(TestScenario.java:33)
at saucelab.tests.TestScenario.tearDown(TestScenario.java:33)
at saucelab.tests.TestScenario.tearDown(TestScenario.java:33)
at saucelab.tests.TestScenario.tearDown(TestScenario.java:33)
at saucelab.tests.TestScenario.tearDown(TestScenario.java:33)
at saucelab.tests.TestScenario.tearDown(TestScenario.java:33)
at saucelab.tests.TestScenario.tearDown(TestScenario.java:33)
at saucelab.tests.TestScenario.tearDown(TestScenario.java:33)
at saucelab.tests.TestScenario.tearDown(TestScenario.java:33)
at saucelab.tests.TestScenario.tearDown(TestScenario.java:33)
at saucelab.tests.TestScenario.tearDown(TestScenario.java:33)
at saucelab.tests.TestScenario.tearDown(TestScenario.java:33)
at saucelab.tests.TestScenario.tearDown(TestScenario.java:33)
at saucelab.tests.TestScenario.tearDown(TestScenario.java:33)
at saucelab.tests.TestScenario.tearDown(TestScenario.java:33)
at saucelab.tests.TestScenario.tearDown(TestScenario.java:33)
at saucelab.tests.TestScenario.tearDown(TestScenario.java:33)
at saucelab.tests.TestScenario.tearDown(TestScenario.java:33)
at saucelab.tests.TestScenario.tearDown(TestScenario.java:33)
at saucelab.tests.TestScenario.tearDown(TestScenario.java:33)
at saucelab.tests.TestScenario.tearDown(TestScenario.java:33)
at saucelab.tests.TestScenario.tearDown(TestScenario.java:33)
at saucelab.tests.TestScenario.tearDown(TestScenario.java:33)
at saucelab.tests.TestScenario.tearDown(TestScenario.java:33)
at saucelab.tests.TestScenario.tearDown(TestScenario.java:33)
at saucelab.tests.TestScenario.tearDown(TestScenario.java:33)
at saucelab.tests.TestScenario.tearDown(TestScenario.java:33)
at saucelab.tests.TestScenario.tearDown(TestScenario.java:33)
at saucelab.tests.TestScenario.tearDown(TestScenario.java:33)
at saucelab.tests.TestScenario.tearDown(TestScenario.java:33)
at saucelab.tests.TestScenario.tearDown(TestScenario.java:33)
at saucelab.tests.TestScenario.tearDown(TestScenario.java:33)
at saucelab.tests.TestScenario.tearDown(TestScenario.java:33)
at saucelab.tests.TestScenario.tearDown(TestScenario.java:33)
at saucelab.tests.TestScenario.tearDown(TestScenario.java:33)
at saucelab.tests.TestScenario.tearDown(TestScenario.java:33)
at saucelab.tests.TestScenario.tearDown(TestScenario.java:33)
at saucelab.tests.TestScenario.tearDown(TestScenario.java:33)
at saucelab.tests.TestScenario.tearDown(TestScenario.java:33)
at saucelab.tests.TestScenario.tearDown(TestScenario.java:33)
at saucelab.tests.TestScenario.tearDown(TestScenario.java:33)
at saucelab.tests.TestScenario.tearDown(TestScenario.java:33)
at saucelab.tests.TestScenario.tearDown(TestScenario.java:33)
at saucelab.tests.TestScenario.tearDown(TestScenario.java:33)
at saucelab.tests.TestScenario.tearDown(TestScenario.java:33)
at saucelab.tests.TestScenario.tearDown(TestScenario.java:33)
at saucelab.tests.TestScenario.tearDown(TestScenario.java:33)
at saucelab.tests.TestScenario.tearDown(TestScenario.java:33)
at saucelab.tests.TestScenario.tearDown(TestScenario.java:33)
at saucelab.tests.TestScenario.tearDown(TestScenario.java:33)
at saucelab.tests.TestScenario.tearDown(TestScenario.java:33)
at saucelab.tests.TestScenario.tearDown(TestScenario.java:33)
at saucelab.tests.TestScenario.tearDown(TestScenario.java:33)
at saucelab.tests.TestScenario.tearDown(TestScenario.java:33)
at saucelab.tests.TestScenario.tearDown(TestScenario.java:33)
at saucelab.tests.TestScenario.tearDown(TestScenario.java:33)
at saucelab.tests.TestScenario.tearDown(TestScenario.java:33)
at saucelab.tests.TestScenario.tearDown(TestScenario.java:33)
at saucelab.tests.TestScenario.tearDown(TestScenario.java:33)
at saucelab.tests.TestScenario.tearDown(TestScenario.java:33)
at saucelab.tests.TestScenario.tearDown(TestScenario.java:33)
at saucelab.tests.TestScenario.tearDown(TestScenario.java:33)
at saucelab.tests.TestScenario.tearDown(TestScenario.java:33)
at saucelab.tests.TestScenario.tearDown(TestScenario.java:33)
at saucelab.tests.TestScenario.tearDown(TestScenario.java:33)
at saucelab.tests.TestScenario.tearDown(TestScenario.java:33)
at saucelab.tests.TestScenario.tearDown(TestScenario.java:33)
at saucelab.tests.TestScenario.tearDown(TestScenario.java:33)
at saucelab.tests.TestScenario.tearDown(TestScenario.java:33)
at saucelab.tests.TestScenario.tearDown(TestScenario.java:33)
at saucelab.tests.TestScenario.tearDown(TestScenario.java:33)
at saucelab.tests.TestScenario.tearDown(TestScenario.java:33)
at saucelab.tests.TestScenario.tearDown(TestScenario.java:33)
at saucelab.tests.TestScenario.tearDown(TestScenario.java:33)
at saucelab.tests.TestScenario.tearDown(TestScenario.java:33)
at saucelab.tests.TestScenario.tearDown(TestScenario.java:33)
at saucelab.tests.TestScenario.tearDown(TestScenario.java:33)
at saucelab.tests.TestScenario.tearDown(TestScenario.java:33)
at saucelab.tests.TestScenario.tearDown(TestScenario.java:33)
at saucelab.tests.TestScenario.tearDown(TestScenario.java:33)
at saucelab.tests.TestScenario.tearDown(TestScenario.java:33)
at saucelab.tests.TestScenario.tearDown(TestScenario.java:33)
at saucelab.tests.TestScenario.tearDown(TestScenario.java:33)
at saucelab.tests.TestScenario.tearDown(TestScenario.java:33)
at saucelab.tests.TestScenario.tearDown(TestScenario.java:33)
at saucelab.tests.TestScenario.tearDown(TestScenario.java:33)
at saucelab.tests.TestScenario.tearDown(TestScenario.java:33)
at saucelab.tests.TestScenario.tearDown(TestScenario.java:33)
at saucelab.tests.TestScenario.tearDown(TestScenario.java:33)
at saucelab.tests.TestScenario.tearDown(TestScenario.java:33)
at saucelab.tests.TestScenario.tearDown(TestScenario.java:33)
at saucelab.tests.TestScenario.tearDown(TestScenario.java:33)
at saucelab.tests.TestScenario.tearDown(TestScenario.java:33)
at saucelab.tests.TestScenario.tearDown(TestScenario.java:33)
at saucelab.tests.TestScenario.tearDown(TestScenario.java:33)
at saucelab.tests.TestScenario.tearDown(TestScenario.java:33)
at saucelab.tests.TestScenario.tearDown(TestScenario.java:33)
at saucelab.tests.TestScenario.tearDown(TestScenario.java:33)
at saucelab.tests.TestScenario.tearDown(TestScenario.java:33)
at saucelab.tests.TestScenario.tearDown(TestScenario.java:33)
at saucelab.tests.TestScenario.tearDown(TestScenario.java:33)
at saucelab.tests.TestScenario.tearDown(TestScenario.java:33)
at saucelab.tests.TestScenario.tearDown(TestScenario.java:33)
at saucelab.tests.TestScenario.tearDown(TestScenario.java:33)
at saucelab.tests.TestScenario.tearDown(TestScenario.java:33)
at saucelab.tests.TestScenario.tearDown(TestScenario.java:33)
at saucelab.tests.TestScenario.tearDown(TestScenario.java:33)
at saucelab.tests.TestScenario.tearDown(TestScenario.java:33)
at saucelab.tests.TestScenario.tearDown(TestScenario.java:33)
at saucelab.tests.TestScenario.tearDown(TestScenario.java:33)
at saucelab.tests.TestScenario.tearDown(TestScenario.java:33)
at saucelab.tests.TestScenario.tearDown(TestScenario.java:33)
at saucelab.tests.TestScenario.tearDown(TestScenario.java:33)
at saucelab.tests.TestScenario.tearDown(TestScenario.java:33)
at saucelab.tests.TestScenario.tearDown(TestScenario.java:33)
at saucelab.tests.TestScenario.tearDown(TestScenario.java:33)
at saucelab.tests.TestScenario.tearDown(TestScenario.java:33)
at saucelab.tests.TestScenario.tearDown(TestScenario.java:33)
at saucelab.tests.TestScenario.tearDown(TestScenario.java:33)
at saucelab.tests.TestScenario.tearDown(TestScenario.java:33)
at saucelab.tests.TestScenario.tearDown(TestScenario.java:33)
at saucelab.tests.TestScenario.tearDown(TestScenario.java:33)
at saucelab.tests.TestScenario.tearDown(TestScenario.java:33)
at saucelab.tests.TestScenario.tearDown(TestScenario.java:33)
at saucelab.tests.TestScenario.tearDown(TestScenario.java:33)
at saucelab.tests.TestScenario.tearDown(TestScenario.java:33)
at saucelab.tests.TestScenario.tearDown(TestScenario.java:33)
at saucelab.tests.TestScenario.tearDown(TestScenario.java:33)
at saucelab.tests.TestScenario.tearDown(TestScenario.java:33)
at saucelab.tests.TestScenario.tearDown(TestScenario.java:33)
at saucelab.tests.TestScenario.tearDown(TestScenario.java:33)
at saucelab.tests.TestScenario.tearDown(TestScenario.java:33)
at saucelab.tests.TestScenario.tearDown(TestScenario.java:33)
at saucelab.tests.TestScenario.tearDown(TestScenario.java:33)
at saucelab.tests.TestScenario.tearDown(TestScenario.java:33)
at saucelab.tests.TestScenario.tearDown(TestScenario.java:33)
at saucelab.tests.TestScenario.tearDown(TestScenario.java:33)
at saucelab.tests.TestScenario.tearDown(TestScenario.java:33)
at saucelab.tests.TestScenario.tearDown(TestScenario.java:33)
at saucelab.tests.TestScenario.tearDown(TestScenario.java:33)
at saucelab.tests.TestScenario.tearDown(TestScenario.java:33)
at saucelab.tests.TestScenario.tearDown(TestScenario.java:33)
at saucelab.tests.TestScenario.tearDown(TestScenario.java:33)
at saucelab.tests.TestScenario.tearDown(TestScenario.java:33)
at saucelab.tests.TestScenario.tearDown(TestScenario.java:33)
at saucelab.tests.TestScenario.tearDown(TestScenario.java:33)
at saucelab.tests.TestScenario.tearDown(TestScenario.java:33)
at saucelab.tests.TestScenario.tearDown(TestScenario.java:33)
at saucelab.tests.TestScenario.tearDown(TestScenario.java:33)
at saucelab.tests.TestScenario.tearDown(TestScenario.java:33)
at saucelab.tests.TestScenario.tearDown(TestScenario.java:33)
at saucelab.tests.TestScenario.tearDown(TestScenario.java:33)
at saucelab.tests.TestScenario.tearDown(TestScenario.java:33)
at saucelab.tests.TestScenario.tearDown(TestScenario.java:33)
at saucelab.tests.TestScenario.tearDown(TestScenario.java:33)
at saucelab.tests.TestScenario.tearDown(TestScenario.java:33)
at saucelab.tests.TestScenario.tearDown(TestScenario.java:33)
at saucelab.tests.TestScenario.tearDown(TestScenario.java:33)
at saucelab.tests.TestScenario.tearDown(TestScenario.java:33)
at saucelab.tests.TestScenario.tearDown(TestScenario.java:33)
at saucelab.tests.TestScenario.tearDown(TestScenario.java:33)
at saucelab.tests.TestScenario.tearDown(TestScenario.java:33)
at saucelab.tests.TestScenario.tearDown(TestScenario.java:33)
at saucelab.tests.TestScenario.tearDown(TestScenario.java:33)
at saucelab.tests.TestScenario.tearDown(TestScenario.java:33)
at saucelab.tests.TestScenario.tearDown(TestScenario.java:33)
at saucelab.tests.TestScenario.tearDown(TestScenario.java:33)
at saucelab.tests.TestScenario.tearDown(TestScenario.java:33)
at saucelab.tests.TestScenario.tearDown(TestScenario.java:33)
at saucelab.tests.TestScenario.tearDown(TestScenario.java:33)
at saucelab.tests.TestScenario.tearDown(TestScenario.java:33)
at saucelab.tests.TestScenario.tearDown(TestScenario.java:33)
at saucelab.tests.TestScenario.tearDown(TestScenario.java:33)
at saucelab.tests.TestScenario.tearDown(TestScenario.java:33)
at saucelab.tests.TestScenario.tearDown(TestScenario.java:33)
at saucelab.tests.TestScenario.tearDown(TestScenario.java:33)
at saucelab.tests.TestScenario.tearDown(TestScenario.java:33)
at saucelab.tests.TestScenario.tearDown(TestScenario.java:33)
at saucelab.tests.TestScenario.tearDown(TestScenario.java:33)
at saucelab.tests.TestScenario.tearDown(TestScenario.java:33)
at saucelab.tests.TestScenario.tearDown(TestScenario.java:33)
at saucelab.tests.TestScenario.tearDown(TestScenario.java:33)
at saucelab.tests.TestScenario.tearDown(TestScenario.java:33)
at saucelab.tests.TestScenario.tearDown(TestScenario.java:33)
at saucelab.tests.TestScenario.tearDown(TestScenario.java:33)
at saucelab.tests.TestScenario.tearDown(TestScenario.java:33)
at saucelab.tests.TestScenario.tearDown(TestScenario.java:33)
at saucelab.tests.TestScenario.tearDown(TestScenario.java:33)
at saucelab.tests.TestScenario.tearDown(TestScenario.java:33)
at saucelab.tests.TestScenario.tearDown(TestScenario.java:33)
at saucelab.tests.TestScenario.tearDown(TestScenario.java:33)
at saucelab.tests.TestScenario.tearDown(TestScenario.java:33)
at saucelab.tests.TestScenario.tearDown(TestScenario.java:33)
at saucelab.tests.TestScenario.tearDown(TestScenario.java:33)
at saucelab.tests.TestScenario.tearDown(TestScenario.java:33)
at saucelab.tests.TestScenario.tearDown(TestScenario.java:33)
at saucelab.tests.TestScenario.tearDown(TestScenario.java:33)
at saucelab.tests.TestScenario.tearDown(TestScenario.java:33)
at saucelab.tests.TestScenario.tearDown(TestScenario.java:33)
at saucelab.tests.TestScenario.tearDown(TestScenario.java:33)
at saucelab.tests.TestScenario.tearDown(TestScenario.java:33)
at saucelab.tests.TestScenario.tearDown(TestScenario.java:33)
at saucelab.tests.TestScenario.tearDown(TestScenario.java:33)
at saucelab.tests.TestScenario.tearDown(TestScenario.java:33)
at saucelab.tests.TestScenario.tearDown(TestScenario.java:33)
at saucelab.tests.TestScenario.tearDown(TestScenario.java:33)
at saucelab.tests.TestScenario.tearDown(TestScenario.java:33)
at saucelab.tests.TestScenario.tearDown(TestScenario.java:33)
at saucelab.tests.TestScenario.tearDown(TestScenario.java:33)
at saucelab.tests.TestScenario.tearDown(TestScenario.java:33)
at saucelab.tests.TestScenario.tearDown(TestScenario.java:33)
at saucelab.tests.TestScenario.tearDown(TestScenario.java:33)
at saucelab.tests.TestScenario.tearDown(TestScenario.java:33)
at saucelab.tests.TestScenario.tearDown(TestScenario.java:33)
at saucelab.tests.TestScenario.tearDown(TestScenario.java:33)
at saucelab.tests.TestScenario.tearDown(TestScenario.java:33)
at saucelab.tests.TestScenario.tearDown(TestScenario.java:33)
at saucelab.tests.TestScenario.tearDown(TestScenario.java:33)
at saucelab.tests.TestScenario.tearDown(TestScenario.java:33)
at saucelab.tests.TestScenario.tearDown(TestScenario.java:33)
at saucelab.tests.TestScenario.tearDown(TestScenario.java:33)
at saucelab.tests.TestScenario.tearDown(TestScenario.java:33)
at saucelab.tests.TestScenario.tearDown(TestScenario.java:33)
at saucelab.tests.TestScenario.tearDown(TestScenario.java:33)
at saucelab.tests.TestScenario.tearDown(TestScenario.java:33)
at saucelab.tests.TestScenario.tearDown(TestScenario.java:33)
at saucelab.tests.TestScenario.tearDown(TestScenario.java:33)
at saucelab.tests.TestScenario.tearDown(TestScenario.java:33)
at saucelab.tests.TestScenario.tearDown(TestScenario.java:33)
at saucelab.tests.TestScenario.tearDown(TestScenario.java:33)
at saucelab.tests.TestScenario.tearDown(TestScenario.java:33)
at saucelab.tests.TestScenario.tearDown(TestScenario.java:33)
at saucelab.tests.TestScenario.tearDown(TestScenario.java:33)
at saucelab.tests.TestScenario.tearDown(TestScenario.java:33)
at saucelab.tests.TestScenario.tearDown(TestScenario.java:33)
at saucelab.tests.TestScenario.tearDown(TestScenario.java:33)
at saucelab.tests.TestScenario.tearDown(TestScenario.java:33)
at saucelab.tests.TestScenario.tearDown(TestScenario.java:33)
at saucelab.tests.TestScenario.tearDown(TestScenario.java:33)
at saucelab.tests.TestScenario.tearDown(TestScenario.java:33)
at saucelab.tests.TestScenario.tearDown(TestScenario.java:33)
at saucelab.tests.TestScenario.tearDown(TestScenario.java:33)
at saucelab.tests.TestScenario.tearDown(TestScenario.java:33)
at saucelab.tests.TestScenario.tearDown(TestScenario.java:33)
at saucelab.tests.TestScenario.tearDown(TestScenario.java:33)
at saucelab.tests.TestScenario.tearDown(TestScenario.java:33)
at saucelab.tests.TestScenario.tearDown(TestScenario.java:33)
at saucelab.tests.TestScenario.tearDown(TestScenario.java:33)
at saucelab.tests.TestScenario.tearDown(TestScenario.java:33)
at saucelab.tests.TestScenario.tearDown(TestScenario.java:33)
at saucelab.tests.TestScenario.tearDown(TestScenario.java:33)
at saucelab.tests.TestScenario.tearDown(TestScenario.java:33)
at saucelab.tests.TestScenario.tearDown(TestScenario.java:33)
at saucelab.tests.TestScenario.tearDown(TestScenario.java:33)
at saucelab.tests.TestScenario.tearDown(TestScenario.java:33)
at saucelab.tests.TestScenario.tearDown(TestScenario.java:33)
at saucelab.tests.TestScenario.tearDown(TestScenario.java:33)
at saucelab.tests.TestScenario.tearDown(TestScenario.java:33)
at saucelab.tests.TestScenario.tearDown(TestScenario.java:33)
at saucelab.tests.TestScenario.tearDown(TestScenario.java:33)
at saucelab.tests.TestScenario.tearDown(TestScenario.java:33)
at saucelab.tests.TestScenario.tearDown(TestScenario.java:33)
at saucelab.tests.TestScenario.tearDown(TestScenario.java:33)
at saucelab.tests.TestScenario.tearDown(TestScenario.java:33)
at saucelab.tests.TestScenario.tearDown(TestScenario.java:33)
at saucelab.tests.TestScenario.tearDown(TestScenario.java:33)
at saucelab.tests.TestScenario.tearDown(TestScenario.java:33)
at saucelab.tests.TestScenario.tearDown(TestScenario.java:33)
at saucelab.tests.TestScenario.tearDown(TestScenario.java:33)
at saucelab.tests.TestScenario.tearDown(TestScenario.java:33)
at saucelab.tests.TestScenario.tearDown(TestScenario.java:33)
at saucelab.tests.TestScenario.tearDown(TestScenario.java:33)
at saucelab.tests.TestScenario.tearDown(TestScenario.java:33)
at saucelab.tests.TestScenario.tearDown(TestScenario.java:33)
at saucelab.tests.TestScenario.tearDown(TestScenario.java:33)
at saucelab.tests.TestScenario.tearDown(TestScenario.java:33)
at saucelab.tests.TestScenario.tearDown(TestScenario.java:33)
at saucelab.tests.TestScenario.tearDown(TestScenario.java:33)
at saucelab.tests.TestScenario.tearDown(TestScenario.java:33)
at saucelab.tests.TestScenario.tearDown(TestScenario.java:33)
at saucelab.tests.TestScenario.tearDown(TestScenario.java:33)
at saucelab.tests.TestScenario.tearDown(TestScenario.java:33)
at saucelab.tests.TestScenario.tearDown(TestScenario.java:33)
at saucelab.tests.TestScenario.tearDown(TestScenario.java:33)
at saucelab.tests.TestScenario.tearDown(TestScenario.java:33)
at saucelab.tests.TestScenario.tearDown(TestScenario.java:33)
at saucelab.tests.TestScenario.tearDown(TestScenario.java:33)
at saucelab.tests.TestScenario.tearDown(TestScenario.java:33)
at saucelab.tests.TestScenario.tearDown(TestScenario.java:33)
at saucelab.tests.TestScenario.tearDown(TestScenario.java:33)
at saucelab.tests.TestScenario.tearDown(TestScenario.java:33)
at saucelab.tests.TestScenario.tearDown(TestScenario.java:33)
at saucelab.tests.TestScenario.tearDown(TestScenario.java:33)
at saucelab.tests.TestScenario.tearDown(TestScenario.java:33)
at saucelab.tests.TestScenario.tearDown(TestScenario.java:33)
at saucelab.tests.TestScenario.tearDown(TestScenario.java:33)
at saucelab.tests.TestScenario.tearDown(TestScenario.java:33)
at saucelab.tests.TestScenario.tearDown(TestScenario.java:33)
at saucelab.tests.TestScenario.tearDown(TestScenario.java:33)
at saucelab.tests.TestScenario.tearDown(TestScenario.java:33)
at saucelab.tests.TestScenario.tearDown(TestScenario.java:33)
at saucelab.tests.TestScenario.tearDown(TestScenario.java:33)
at saucelab.tests.TestScenario.tearDown(TestScenario.java:33)
at saucelab.tests.TestScenario.tearDown(TestScenario.java:33)
at saucelab.tests.TestScenario.tearDown(TestScenario.java:33)
at saucelab.tests.TestScenario.tearDown(TestScenario.java:33)
at saucelab.tests.TestScenario.tearDown(TestScenario.java:33)
at saucelab.tests.TestScenario.tearDown(TestScenario.java:33)
at saucelab.tests.TestScenario.tearDown(TestScenario.java:33)
at saucelab.tests.TestScenario.tearDown(TestScenario.java:33)
at saucelab.tests.TestScenario.tearDown(TestScenario.java:33)
at saucelab.tests.TestScenario.tearDown(TestScenario.java:33)
at saucelab.tests.TestScenario.tearDown(TestScenario.java:33)
at saucelab.tests.TestScenario.tearDown(TestScenario.java:33)
at saucelab.tests.TestScenario.tearDown(TestScenario.java:33)
at saucelab.tests.TestScenario.tearDown(TestScenario.java:33)
at saucelab.tests.TestScenario.tearDown(TestScenario.java:33)
at saucelab.tests.TestScenario.tearDown(TestScenario.java:33)
at saucelab.tests.TestScenario.tearDown(TestScenario.java:33)
at saucelab.tests.TestScenario.tearDown(TestScenario.java:33)
at saucelab.tests.TestScenario.tearDown(TestScenario.java:33)
at saucelab.tests.TestScenario.tearDown(TestScenario.java:33)
at saucelab.tests.TestScenario.tearDown(TestScenario.java:33)
at saucelab.tests.TestScenario.tearDown(TestScenario.java:33)
at saucelab.tests.TestScenario.tearDown(TestScenario.java:33)
at saucelab.tests.TestScenario.tearDown(TestScenario.java:33)
at saucelab.tests.TestScenario.tearDown(TestScenario.java:33)
at saucelab.tests.TestScenario.tearDown(TestScenario.java:33)
at saucelab.tests.TestScenario.tearDown(TestScenario.java:33)
at saucelab.tests.TestScenario.tearDown(TestScenario.java:33)
at saucelab.tests.TestScenario.tearDown(TestScenario.java:33)
at saucelab.tests.TestScenario.tearDown(TestScenario.java:33)
at saucelab.tests.TestScenario.tearDown(TestScenario.java:33)
at saucelab.tests.TestScenario.tearDown(TestScenario.java:33)
at saucelab.tests.TestScenario.tearDown(TestScenario.java:33)
at saucelab.tests.TestScenario.tearDown(TestScenario.java:33)
at saucelab.tests.TestScenario.tearDown(TestScenario.java:33)
at saucelab.tests.TestScenario.tearDown(TestScenario.java:33)
at saucelab.tests.TestScenario.tearDown(TestScenario.java:33)
at saucelab.tests.TestScenario.tearDown(TestScenario.java:33)
at saucelab.tests.TestScenario.tearDown(TestScenario.java:33)
at saucelab.tests.TestScenario.tearDown(TestScenario.java:33)
at saucelab.tests.TestScenario.tearDown(TestScenario.java:33)
at saucelab.tests.TestScenario.tearDown(TestScenario.java:33)
at saucelab.tests.TestScenario.tearDown(TestScenario.java:33)
at saucelab.tests.TestScenario.tearDown(TestScenario.java:33)
at saucelab.tests.TestScenario.tearDown(TestScenario.java:33)
at saucelab.tests.TestScenario.tearDown(TestScenario.java:33)
at saucelab.tests.TestScenario.tearDown(TestScenario.java:33)
at saucelab.tests.TestScenario.tearDown(TestScenario.java:33)
at saucelab.tests.TestScenario.tearDown(TestScenario.java:33)
at saucelab.tests.TestScenario.tearDown(TestScenario.java:33)
at saucelab.tests.TestScenario.tearDown(TestScenario.java:33)
at saucelab.tests.TestScenario.tearDown(TestScenario.java:33)
at saucelab.tests.TestScenario.tearDown(TestScenario.java:33)
at saucelab.tests.TestScenario.tearDown(TestScenario.java:33)
at saucelab.tests.TestScenario.tearDown(TestScenario.java:33)
at saucelab.tests.TestScenario.tearDown(TestScenario.java:33)
at saucelab.tests.TestScenario.tearDown(TestScenario.java:33)
at saucelab.tests.TestScenario.tearDown(TestScenario.java:33)
at saucelab.tests.TestScenario.tearDown(TestScenario.java:33)
at saucelab.tests.TestScenario.tearDown(TestScenario.java:33)
at saucelab.tests.TestScenario.tearDown(TestScenario.java:33)
at saucelab.tests.TestScenario.tearDown(TestScenario.java:33)
at saucelab.tests.TestScenario.tearDown(TestScenario.java:33)
at saucelab.tests.TestScenario.tearDown(TestScenario.java:33)
at saucelab.tests.TestScenario.tearDown(TestScenario.java:33)
at saucelab.tests.TestScenario.tearDown(TestScenario.java:33)
at saucelab.tests.TestScenario.tearDown(TestScenario.java:33)
at saucelab.tests.TestScenario.tearDown(TestScenario.java:33)
at saucelab.tests.TestScenario.tearDown(TestScenario.java:33)
at saucelab.tests.TestScenario.tearDown(TestScenario.java:33)
at saucelab.tests.TestScenario.tearDown(TestScenario.java:33)
at saucelab.tests.TestScenario.tearDown(TestScenario.java:33)
at saucelab.tests.TestScenario.tearDown(TestScenario.java:33)
at saucelab.tests.TestScenario.tearDown(TestScenario.java:33)
at saucelab.tests.TestScenario.tearDown(TestScenario.java:33)
at saucelab.tests.TestScenario.tearDown(TestScenario.java:33)
at saucelab.tests.TestScenario.tearDown(TestScenario.java:33)
at saucelab.tests.TestScenario.tearDown(TestScenario.java:33)
at saucelab.tests.TestScenario.tearDown(TestScenario.java:33)
at saucelab.tests.TestScenario.tearDown(TestScenario.java:33)
at saucelab.tests.TestScenario.tearDown(TestScenario.java:33)
at saucelab.tests.TestScenario.tearDown(TestScenario.java:33)
at saucelab.tests.TestScenario.tearDown(TestScenario.java:33)
at saucelab.tests.TestScenario.tearDown(TestScenario.java:33)
at saucelab.tests.TestScenario.tearDown(TestScenario.java:33)
at saucelab.tests.TestScenario.tearDown(TestScenario.java:33)
at saucelab.tests.TestScenario.tearDown(TestScenario.java:33)
at saucelab.tests.TestScenario.tearDown(TestScenario.java:33)
at saucelab.tests.TestScenario.tearDown(TestScenario.java:33)
at saucelab.tests.TestScenario.tearDown(TestScenario.java:33)
at saucelab.tests.TestScenario.tearDown(TestScenario.java:33)
at saucelab.tests.TestScenario.tearDown(TestScenario.java:33)
at saucelab.tests.TestScenario.tearDown(TestScenario.java:33)
at saucelab.tests.TestScenario.tearDown(TestScenario.java:33)
at saucelab.tests.TestScenario.tearDown(TestScenario.java:33)
at saucelab.tests.TestScenario.tearDown(TestScenario.java:33)
at saucelab.tests.TestScenario.tearDown(TestScenario.java:33)
at saucelab.tests.TestScenario.tearDown(TestScenario.java:33)
at saucelab.tests.TestScenario.tearDown(TestScenario.java:33)
at saucelab.tests.TestScenario.tearDown(TestScenario.java:33)
at saucelab.tests.TestScenario.tearDown(TestScenario.java:33)
at saucelab.tests.TestScenario.tearDown(TestScenario.java:33)
at saucelab.tests.TestScenario.tearDown(TestScenario.java:33)
at saucelab.tests.TestScenario.tearDown(TestScenario.java:33)
at saucelab.tests.TestScenario.tearDown(TestScenario.java:33)
at saucelab.tests.TestScenario.tearDown(TestScenario.java:33)
at saucelab.tests.TestScenario.tearDown(TestScenario.java:33)
at saucelab.tests.TestScenario.tearDown(TestScenario.java:33)
at saucelab.tests.TestScenario.tearDown(TestScenario.java:33)
at saucelab.tests.TestScenario.tearDown(TestScenario.java:33)
at saucelab.tests.TestScenario.tearDown(TestScenario.java:33)
at saucelab.tests.TestScenario.tearDown(TestScenario.java:33)
at saucelab.tests.TestScenario.tearDown(TestScenario.java:33)
at saucelab.tests.TestScenario.tearDown(TestScenario.java:33)
at saucelab.tests.TestScenario.tearDown(TestScenario.java:33)
at saucelab.tests.TestScenario.tearDown(TestScenario.java:33)
at saucelab.tests.TestScenario.tearDown(TestScenario.java:33)
at saucelab.tests.TestScenario.tearDown(TestScenario.java:33)
at saucelab.tests.TestScenario.tearDown(TestScenario.java:33)
at saucelab.tests.TestScenario.tearDown(TestScenario.java:33)
at saucelab.tests.TestScenario.tearDown(TestScenario.java:33)
at saucelab.tests.TestScenario.tearDown(TestScenario.java:33)
at saucelab.tests.TestScenario.tearDown(TestScenario.java:33)
at saucelab.tests.TestScenario.tearDown(TestScenario.java:33)
at saucelab.tests.TestScenario.tearDown(TestScenario.java:33)
at saucelab.tests.TestScenario.tearDown(TestScenario.java:33)
at saucelab.tests.TestScenario.tearDown(TestScenario.java:33)
at saucelab.tests.TestScenario.tearDown(TestScenario.java:33)
at saucelab.tests.TestScenario.tearDown(TestScenario.java:33)
at saucelab.tests.TestScenario.tearDown(TestScenario.java:33)
at saucelab.tests.TestScenario.tearDown(TestScenario.java:33)
at saucelab.tests.TestScenario.tearDown(TestScenario.java:33)
at saucelab.tests.TestScenario.tearDown(TestScenario.java:33)
at saucelab.tests.TestScenario.tearDown(TestScenario.java:33)
at saucelab.tests.TestScenario.tearDown(TestScenario.java:33)
at saucelab.tests.TestScenario.tearDown(TestScenario.java:33)
at saucelab.tests.TestScenario.tearDown(TestScenario.java:33)
at saucelab.tests.TestScenario.tearDown(TestScenario.java:33)
at saucelab.tests.TestScenario.tearDown(TestScenario.java:33)
at saucelab.tests.TestScenario.tearDown(TestScenario.java:33)
at saucelab.tests.TestScenario.tearDown(TestScenario.java:33)
at saucelab.tests.TestScenario.tearDown(TestScenario.java:33)
at saucelab.tests.TestScenario.tearDown(TestScenario.java:33)
at saucelab.tests.TestScenario.tearDown(TestScenario.java:33)
at saucelab.tests.TestScenario.tearDown(TestScenario.java:33)
at saucelab.tests.TestScenario.tearDown(TestScenario.java:33)
at saucelab.tests.TestScenario.tearDown(TestScenario.java:33)
at saucelab.tests.TestScenario.tearDown(TestScenario.java:33)
at saucelab.tests.TestScenario.tearDown(TestScenario.java:33)
at saucelab.tests.TestScenario.tearDown(TestScenario.java:33)
at saucelab.tests.TestScenario.tearDown(TestScenario.java:33)
at saucelab.tests.TestScenario.tearDown(TestScenario.java:33)
at saucelab.tests.TestScenario.tearDown(TestScenario.java:33)
at saucelab.tests.TestScenario.tearDown(TestScenario.java:33)
at saucelab.tests.TestScenario.tearDown(TestScenario.java:33)
at saucelab.tests.TestScenario.tearDown(TestScenario.java:33)
at saucelab.tests.TestScenario.tearDown(TestScenario.java:33)
at saucelab.tests.TestScenario.tearDown(TestScenario.java:33)
at saucelab.tests.TestScenario.tearDown(TestScenario.java:33)
at saucelab.tests.TestScenario.tearDown(TestScenario.java:33)
at saucelab.tests.TestScenario.tearDown(TestScenario.java:33)
at saucelab.tests.TestScenario.tearDown(TestScenario.java:33)
at saucelab.tests.TestScenario.tearDown(TestScenario.java:33)
at saucelab.tests.TestScenario.tearDown(TestScenario.java:33)
at saucelab.tests.TestScenario.tearDown(TestScenario.java:33)
at saucelab.tests.TestScenario.tearDown(TestScenario.java:33)
at saucelab.tests.TestScenario.tearDown(TestScenario.java:33)
at saucelab.tests.TestScenario.tearDown(TestScenario.java:33)
at saucelab.tests.TestScenario.tearDown(TestScenario.java:33)
at saucelab.tests.TestScenario.tearDown(TestScenario.java:33)
at saucelab.tests.TestScenario.tearDown(TestScenario.java:33)
at saucelab.tests.TestScenario.tearDown(TestScenario.java:33)
at saucelab.tests.TestScenario.tearDown(TestScenario.java:33)
at saucelab.tests.TestScenario.tearDown(TestScenario.java:33)
at saucelab.tests.TestScenario.tearDown(TestScenario.java:33)
at saucelab.tests.TestScenario.tearDown(TestScenario.java:33)
at saucelab.tests.TestScenario.tearDown(TestScenario.java:33)
at saucelab.tests.TestScenario.tearDown(TestScenario.java:33)
at saucelab.tests.TestScenario.tearDown(TestScenario.java:33)
at saucelab.tests.TestScenario.tearDown(TestScenario.java:33)
at saucelab.tests.TestScenario.tearDown(TestScenario.java:33)
at saucelab.tests.TestScenario.tearDown(TestScenario.java:33)
at saucelab.tests.TestScenario.tearDown(TestScenario.java:33)
at saucelab.tests.TestScenario.tearDown(TestScenario.java:33)
at saucelab.tests.TestScenario.tearDown(TestScenario.java:33)
at saucelab.tests.TestScenario.tearDown(TestScenario.java:33)
at saucelab.tests.TestScenario.tearDown(TestScenario.java:33)
at saucelab.tests.TestScenario.tearDown(TestScenario.java:33)
at saucelab.tests.TestScenario.tearDown(TestScenario.java:33)
at saucelab.tests.TestScenario.tearDown(TestScenario.java:33)
at saucelab.tests.TestScenario.tearDown(TestScenario.java:33)
at saucelab.tests.TestScenario.tearDown(TestScenario.java:33)
at saucelab.tests.TestScenario.tearDown(TestScenario.java:33)
at saucelab.tests.TestScenario.tearDown(TestScenario.java:33)
at saucelab.tests.TestScenario.tearDown(TestScenario.java:33)
at saucelab.tests.TestScenario.tearDown(TestScenario.java:33)
at saucelab.tests.TestScenario.tearDown(TestScenario.java:33)
at saucelab.tests.TestScenario.tearDown(TestScenario.java:33)
at saucelab.tests.TestScenario.tearDown(TestScenario.java:33)
at saucelab.tests.TestScenario.tearDown(TestScenario.java:33)
at saucelab.tests.TestScenario.tearDown(TestScenario.java:33)
at saucelab.tests.TestScenario.tearDown(TestScenario.java:33)
at saucelab.tests.TestScenario.tearDown(TestScenario.java:33)
at saucelab.tests.TestScenario.tearDown(TestScenario.java:33)
at saucelab.tests.TestScenario.tearDown(TestScenario.java:33)
at saucelab.tests.TestScenario.tearDown(TestScenario.java:33)
at saucelab.tests.TestScenario.tearDown(TestScenario.java:33)
at saucelab.tests.TestScenario.tearDown(TestScenario.java:33)
at saucelab.tests.TestScenario.tearDown(TestScenario.java:33)
at saucelab.tests.TestScenario.tearDown(TestScenario.java:33)
at saucelab.tests.TestScenario.tearDown(TestScenario.java:33)
at saucelab.tests.TestScenario.tearDown(TestScenario.java:33)
at saucelab.tests.TestScenario.tearDown(TestScenario.java:33)
at saucelab.tests.TestScenario.tearDown(TestScenario.java:33)
at saucelab.tests.TestScenario.tearDown(TestScenario.java:33)
at saucelab.tests.TestScenario.tearDown(TestScenario.java:33)
at saucelab.tests.TestScenario.tearDown(TestScenario.java:33)
at saucelab.tests.TestScenario.tearDown(TestScenario.java:33)
at saucelab.tests.TestScenario.tearDown(TestScenario.java:33)
at saucelab.tests.TestScenario.tearDown(TestScenario.java:33)
at saucelab.tests.TestScenario.tearDown(TestScenario.java:33)
at saucelab.tests.TestScenario.tearDown(TestScenario.java:33)
at saucelab.tests.TestScenario.tearDown(TestScenario.java:33)
]]>
            </full-stacktrace>
          </exception> <!-- java.lang.StackOverflowError -->
          <reporter-output>
          </reporter-output>
        </test-method> <!-- tearDown -->
      </class> <!-- saucelab.tests.TestScenario -->
    </test> <!-- Default test -->
  </suite> <!-- Default suite -->
</testng-results>
